<?xml version="1.0" encoding="UTF-8"?>
<!-- Generated by org.testng.reporters.JUnitReportReporter -->
<testsuite skipped="0" hostname="acer" name="com.framework.testcases.AppLogin" tests="1" failures="0" timestamp="10 Apr 2020 08:19:24 GMT" time="4.614" errors="0">
  <testcase name="LoginToApp" time="4.614" classname="com.framework.testcases.AppLogin"/>
</testsuite> <!-- com.framework.testcases.AppLogin -->
